[04:06:45] [main/FATAL]: Failed to start the minecraft server
joptsimple.UnrecognizedOptionException: D is not a recognized option
	at joptsimple.OptionException.unrecognizedOption(OptionException.java:108) ~[minecraft_server.1.15.2.jar:?]
	at joptsimple.OptionParser.validateOptionCharacters(OptionParser.java:633) ~[minecraft_server.1.15.2.jar:?]
	at joptsimple.OptionParser.handleShortOptionCluster(OptionParser.java:528) ~[minecraft_server.1.15.2.jar:?]
	at joptsimple.OptionParser.handleShortOptionToken(OptionParser.java:523) ~[minecraft_server.1.15.2.jar:?]
	at joptsimple.OptionParserState$2.handleArgument(OptionParserState.java:59) ~[minecraft_server.1.15.2.jar:?]
	at joptsimple.OptionParser.parse(OptionParser.java:396) ~[minecraft_server.1.15.2.jar:?]
	at net.minecraft.server.MinecraftServer.main(SourceFile:906) [minecraft_server.1.15.2.jar:?]
[04:09:47] [main/WARN]: Ambiguity between arguments [teleport, destination] and [teleport, targets] with inputs: [Player, 0123, @e, dd12be42-52a9-4a91-a8a1-11c01849e498]
[04:09:47] [main/WARN]: Ambiguity between arguments [teleport, location] and [teleport, destination] with inputs: [0.1 -0.5 .9, 0 0 0]
[04:09:47] [main/WARN]: Ambiguity between arguments [teleport, location] and [teleport, targets] with inputs: [0.1 -0.5 .9, 0 0 0]
[04:09:47] [main/WARN]: Ambiguity between arguments [teleport, targets] and [teleport, destination] with inputs: [Player, 0123, dd12be42-52a9-4a91-a8a1-11c01849e498]
[04:09:47] [main/WARN]: Ambiguity between arguments [teleport, targets, location] and [teleport, targets, destination] with inputs: [0.1 -0.5 .9, 0 0 0]
[04:09:47] [Server thread/INFO]: Starting minecraft server version 1.15.2
[04:09:47] [Server thread/INFO]: Loading properties
[04:09:47] [Server thread/INFO]: Default game type: SURVIVAL
[04:09:47] [Server thread/INFO]: Generating keypair
[04:09:48] [Server thread/INFO]: Starting Minecraft server on *:25565
[04:09:49] [Server thread/INFO]: Using epoll channel type
[04:09:49] [Server thread/INFO]: Preparing level "world"
[04:09:50] [Server thread/INFO]: Found new data pack vanilla, loading it automatically
[04:09:50] [Server thread/INFO]: Reloading ResourceManager: Default
[04:10:05] [Server thread/INFO]: Loaded 6 recipes
[04:10:12] [Server thread/INFO]: Loaded 825 advancements
[04:12:38] [Server thread/INFO]: Preparing start region for dimension minecraft:overworld
[04:12:38] [Server-Worker-2/INFO]: Preparing spawn area: 0%
[04:12:38] [Server-Worker-2/INFO]: Preparing spawn area: 0%
[04:12:39] [Server-Worker-2/INFO]: Preparing spawn area: 0%
[04:12:39] [Server-Worker-2/INFO]: Preparing spawn area: 0%
[04:12:40] [Server-Worker-2/INFO]: Preparing spawn area: 0%
[04:12:40] [Server-Worker-2/INFO]: Preparing spawn area: 0%
[04:12:41] [Server-Worker-2/INFO]: Preparing spawn area: 0%
[04:12:41] [Server-Worker-2/INFO]: Preparing spawn area: 0%
[04:12:42] [Server-Worker-2/INFO]: Preparing spawn area: 0%
[04:12:42] [Server-Worker-2/INFO]: Preparing spawn area: 0%
[04:12:43] [Server-Worker-2/INFO]: Preparing spawn area: 0%
[04:12:43] [Server-Worker-2/INFO]: Preparing spawn area: 0%
[04:12:44] [Server-Worker-2/INFO]: Preparing spawn area: 0%
[04:12:44] [Server-Worker-2/INFO]: Preparing spawn area: 0%
[04:12:45] [Server-Worker-2/INFO]: Preparing spawn area: 0%
[04:12:45] [Server-Worker-2/INFO]: Preparing spawn area: 1%
[04:12:46] [Server-Worker-2/INFO]: Preparing spawn area: 1%
[04:12:46] [Server-Worker-2/INFO]: Preparing spawn area: 1%
[04:12:47] [Server-Worker-2/INFO]: Preparing spawn area: 1%
[04:12:47] [Server-Worker-2/INFO]: Preparing spawn area: 1%
[04:12:48] [Server-Worker-2/INFO]: Preparing spawn area: 1%
[04:12:48] [Server-Worker-2/INFO]: Preparing spawn area: 1%
[04:12:49] [Server-Worker-2/INFO]: Preparing spawn area: 2%
[04:12:49] [Server-Worker-2/INFO]: Preparing spawn area: 2%
[04:12:50] [Server-Worker-2/INFO]: Preparing spawn area: 2%
[04:12:50] [Server-Worker-2/INFO]: Preparing spawn area: 3%
[04:12:51] [Server-Worker-2/INFO]: Preparing spawn area: 3%
[04:12:51] [Server-Worker-2/INFO]: Preparing spawn area: 4%
[04:12:52] [Server-Worker-2/INFO]: Preparing spawn area: 4%
[04:12:52] [Server-Worker-2/INFO]: Preparing spawn area: 4%
[04:12:53] [Server-Worker-2/INFO]: Preparing spawn area: 4%
[04:12:53] [Server-Worker-2/INFO]: Preparing spawn area: 5%
[04:12:54] [Server-Worker-2/INFO]: Preparing spawn area: 5%
[04:12:54] [Server-Worker-2/INFO]: Preparing spawn area: 6%
[04:12:55] [Server-Worker-2/INFO]: Preparing spawn area: 6%
[04:12:55] [Server-Worker-2/INFO]: Preparing spawn area: 6%
[04:12:56] [Server-Worker-2/INFO]: Preparing spawn area: 7%
[04:12:56] [Server-Worker-2/INFO]: Preparing spawn area: 8%
[04:12:57] [Server-Worker-2/INFO]: Preparing spawn area: 9%
[04:12:57] [Server-Worker-2/INFO]: Preparing spawn area: 9%
[04:12:58] [Server-Worker-2/INFO]: Preparing spawn area: 10%
[04:12:58] [Server-Worker-2/INFO]: Preparing spawn area: 10%
[04:12:59] [Server-Worker-2/INFO]: Preparing spawn area: 11%
[04:12:59] [Server-Worker-2/INFO]: Preparing spawn area: 12%
[04:13:00] [Server-Worker-2/INFO]: Preparing spawn area: 12%
[04:13:00] [Server-Worker-2/INFO]: Preparing spawn area: 12%
[04:13:01] [Server-Worker-2/INFO]: Preparing spawn area: 13%
[04:13:01] [Server-Worker-2/INFO]: Preparing spawn area: 13%
[04:13:02] [Server-Worker-2/INFO]: Preparing spawn area: 14%
[04:13:02] [Server-Worker-2/INFO]: Preparing spawn area: 15%
[04:13:03] [Server-Worker-2/INFO]: Preparing spawn area: 15%
[04:13:03] [Server-Worker-2/INFO]: Preparing spawn area: 16%
[04:13:04] [Server-Worker-2/INFO]: Preparing spawn area: 16%
[04:13:04] [Server-Worker-2/INFO]: Preparing spawn area: 17%
[04:13:05] [Server-Worker-2/INFO]: Preparing spawn area: 18%
[04:13:05] [Server-Worker-2/INFO]: Preparing spawn area: 19%
[04:13:06] [Server-Worker-2/INFO]: Preparing spawn area: 19%
[04:13:06] [Server-Worker-2/INFO]: Preparing spawn area: 20%
[04:13:07] [Server-Worker-2/INFO]: Preparing spawn area: 20%
[04:13:07] [Server-Worker-2/INFO]: Preparing spawn area: 21%
[04:13:08] [Server-Worker-2/INFO]: Preparing spawn area: 22%
[04:13:08] [Server-Worker-2/INFO]: Preparing spawn area: 23%
[04:13:09] [Server-Worker-2/INFO]: Preparing spawn area: 24%
[04:13:09] [Server-Worker-2/INFO]: Preparing spawn area: 24%
[04:13:10] [Server-Worker-2/INFO]: Preparing spawn area: 26%
[04:13:10] [Server-Worker-2/INFO]: Preparing spawn area: 26%
[04:13:11] [Server-Worker-2/INFO]: Preparing spawn area: 27%
[04:13:11] [Server-Worker-2/INFO]: Preparing spawn area: 27%
[04:13:12] [Server-Worker-2/INFO]: Preparing spawn area: 28%
[04:13:12] [Server-Worker-2/INFO]: Preparing spawn area: 29%
[04:13:13] [Server-Worker-2/INFO]: Preparing spawn area: 30%
[04:13:13] [Server-Worker-2/INFO]: Preparing spawn area: 32%
[04:13:14] [Server-Worker-2/INFO]: Preparing spawn area: 33%
[04:13:14] [Server-Worker-2/INFO]: Preparing spawn area: 33%
[04:13:15] [Server-Worker-2/INFO]: Preparing spawn area: 34%
[04:13:15] [Server-Worker-2/INFO]: Preparing spawn area: 35%
[04:13:16] [Server-Worker-2/INFO]: Preparing spawn area: 36%
[04:13:16] [Server-Worker-2/INFO]: Preparing spawn area: 37%
[04:13:17] [Server-Worker-2/INFO]: Preparing spawn area: 38%
[04:13:17] [Server-Worker-2/INFO]: Preparing spawn area: 39%
[04:13:18] [Server-Worker-2/INFO]: Preparing spawn area: 40%
[04:13:18] [Server-Worker-2/INFO]: Preparing spawn area: 42%
[04:13:19] [Server-Worker-2/INFO]: Preparing spawn area: 42%
[04:13:19] [Server-Worker-2/INFO]: Preparing spawn area: 43%
[04:13:20] [Server-Worker-2/INFO]: Preparing spawn area: 44%
[04:13:21] [Server-Worker-2/INFO]: Preparing spawn area: 44%
[04:13:21] [Server-Worker-2/INFO]: Preparing spawn area: 44%
[04:13:21] [Server-Worker-2/INFO]: Preparing spawn area: 46%
[04:13:22] [Server-Worker-2/INFO]: Preparing spawn area: 47%
[04:13:22] [Server-Worker-2/INFO]: Preparing spawn area: 48%
[04:13:23] [Server-Worker-2/INFO]: Preparing spawn area: 48%
[04:13:23] [Server-Worker-2/INFO]: Preparing spawn area: 50%
[04:13:24] [Server-Worker-2/INFO]: Preparing spawn area: 52%
[04:13:24] [Server-Worker-2/INFO]: Preparing spawn area: 53%
[04:13:25] [Server-Worker-2/INFO]: Preparing spawn area: 54%
[04:13:25] [Server-Worker-2/INFO]: Preparing spawn area: 55%
[04:13:26] [Server-Worker-2/INFO]: Preparing spawn area: 56%
[04:13:26] [Server-Worker-2/INFO]: Preparing spawn area: 57%
[04:13:27] [Server-Worker-2/INFO]: Preparing spawn area: 59%
[04:13:27] [Server-Worker-2/INFO]: Preparing spawn area: 61%
[04:13:28] [Server-Worker-2/INFO]: Preparing spawn area: 62%
[04:13:28] [Server-Worker-2/INFO]: Preparing spawn area: 64%
[04:13:29] [Server-Worker-2/INFO]: Preparing spawn area: 65%
[04:13:30] [Server-Worker-2/INFO]: Preparing spawn area: 66%
[04:13:30] [Server-Worker-2/INFO]: Preparing spawn area: 66%
[04:13:30] [Server-Worker-2/INFO]: Preparing spawn area: 68%
[04:13:31] [Server-Worker-2/INFO]: Preparing spawn area: 68%
[04:13:31] [Server-Worker-2/INFO]: Preparing spawn area: 69%
[04:13:32] [Server-Worker-2/INFO]: Preparing spawn area: 70%
[04:13:32] [Server-Worker-2/INFO]: Preparing spawn area: 71%
[04:13:33] [Server-Worker-2/INFO]: Preparing spawn area: 73%
[04:13:33] [Server-Worker-2/INFO]: Preparing spawn area: 75%
[04:13:34] [Server-Worker-2/INFO]: Preparing spawn area: 76%
[04:13:34] [Server-Worker-2/INFO]: Preparing spawn area: 79%
[04:13:35] [Server-Worker-2/INFO]: Preparing spawn area: 80%
[04:13:35] [Server-Worker-2/INFO]: Preparing spawn area: 80%
[04:13:36] [Server-Worker-2/INFO]: Preparing spawn area: 81%
[04:13:36] [Server-Worker-2/INFO]: Preparing spawn area: 82%
[04:13:37] [Server-Worker-2/INFO]: Preparing spawn area: 84%
[04:13:37] [Server-Worker-2/INFO]: Preparing spawn area: 86%
[04:13:38] [Server-Worker-2/INFO]: Preparing spawn area: 87%
[04:13:38] [Server-Worker-2/INFO]: Preparing spawn area: 89%
[04:13:39] [Server-Worker-2/INFO]: Preparing spawn area: 92%
[04:13:39] [Server-Worker-2/INFO]: Preparing spawn area: 92%
[04:13:40] [Server-Worker-2/INFO]: Preparing spawn area: 94%
[04:13:40] [Server-Worker-2/INFO]: Preparing spawn area: 96%
[04:13:41] [Server-Worker-2/INFO]: Preparing spawn area: 97%
[04:13:42] [Server-Worker-2/INFO]: Preparing spawn area: 97%
[04:13:42] [Server-Worker-2/INFO]: Preparing spawn area: 97%
[04:13:42] [Server-Worker-2/INFO]: Preparing spawn area: 98%
[04:13:43] [Server thread/INFO]: Time elapsed: 64772 ms
[04:13:43] [Server thread/INFO]: Done (233.099s)! For help, type "help"
[04:13:43] [Server thread/INFO]: Starting remote control listener
[04:13:43] [RCON Listener #1/INFO]: RCON running on 0.0.0.0:25575
[04:13:45] [Server thread/WARN]: Can't keep up! Is the server overloaded? Running 2026ms or 40 ticks behind
[04:15:53] [Server thread/WARN]: Can't keep up! Is the server overloaded? Running 2320ms or 46 ticks behind
[04:16:59] [User Authenticator #1/INFO]: UUID of player KingQ64 is 55707eb1-34a3-4504-919e-532c18f640ea
[04:17:01] [Server thread/INFO]: KingQ64[/172.17.0.1:34958] logged in with entity id 349 at (172.5, 63.0, -12.5)
[04:17:02] [Server thread/INFO]: KingQ64 joined the game
[04:17:13] [Server thread/WARN]: Can't keep up! Is the server overloaded? Running 14302ms or 286 ticks behind
[04:19:16] [main/WARN]: Ambiguity between arguments [teleport, destination] and [teleport, targets] with inputs: [Player, 0123, @e, dd12be42-52a9-4a91-a8a1-11c01849e498]
[04:19:16] [main/WARN]: Ambiguity between arguments [teleport, location] and [teleport, destination] with inputs: [0.1 -0.5 .9, 0 0 0]
[04:19:17] [main/WARN]: Ambiguity between arguments [teleport, location] and [teleport, targets] with inputs: [0.1 -0.5 .9, 0 0 0]
[04:19:17] [main/WARN]: Ambiguity between arguments [teleport, targets] and [teleport, destination] with inputs: [Player, 0123, dd12be42-52a9-4a91-a8a1-11c01849e498]
[04:19:17] [main/WARN]: Ambiguity between arguments [teleport, targets, location] and [teleport, targets, destination] with inputs: [0.1 -0.5 .9, 0 0 0]
[04:19:17] [Server thread/INFO]: Starting minecraft server version 1.15.2
[04:19:17] [Server thread/INFO]: Loading properties
[04:19:17] [Server thread/INFO]: Default game type: SURVIVAL
[04:19:17] [Server thread/INFO]: Generating keypair
[04:19:18] [Server thread/INFO]: Starting Minecraft server on *:25565
[04:19:19] [Server thread/INFO]: Using epoll channel type
[04:19:20] [Server thread/INFO]: Preparing level "world"
[04:19:21] [Server thread/INFO]: Found new data pack vanilla, loading it automatically
[04:19:21] [Server thread/INFO]: Reloading ResourceManager: Default
[04:19:36] [Server thread/INFO]: Loaded 6 recipes
[04:19:50] [Server thread/INFO]: Loaded 825 advancements
[04:21:16] [Server thread/INFO]: Preparing start region for dimension minecraft:overworld
[04:21:17] [Server-Worker-1/INFO]: Preparing spawn area: 0%
[04:21:17] [Server-Worker-1/INFO]: Preparing spawn area: 0%
[04:21:18] [Server-Worker-1/INFO]: Preparing spawn area: 0%
[04:21:18] [Server-Worker-1/INFO]: Preparing spawn area: 0%
[04:21:19] [Server-Worker-1/INFO]: Preparing spawn area: 0%
[04:21:19] [Server-Worker-1/INFO]: Preparing spawn area: 0%
[04:21:20] [Server-Worker-1/INFO]: Preparing spawn area: 0%
[04:21:20] [Server-Worker-1/INFO]: Preparing spawn area: 0%
[04:21:20] [Server-Worker-1/INFO]: Preparing spawn area: 0%
[04:21:21] [Server-Worker-1/INFO]: Preparing spawn area: 0%
[04:21:21] [Server-Worker-1/INFO]: Preparing spawn area: 0%
[04:21:22] [Server-Worker-1/INFO]: Preparing spawn area: 0%
[04:21:22] [Server-Worker-1/INFO]: Preparing spawn area: 0%
[04:21:23] [Server-Worker-1/INFO]: Preparing spawn area: 0%
[04:21:23] [Server-Worker-1/INFO]: Preparing spawn area: 0%
[04:21:24] [Server-Worker-1/INFO]: Preparing spawn area: 0%
[04:21:24] [Server-Worker-1/INFO]: Preparing spawn area: 0%
[04:21:25] [Server-Worker-1/INFO]: Preparing spawn area: 0%
[04:21:26] [Server-Worker-1/INFO]: Preparing spawn area: 0%
[04:21:26] [Server-Worker-1/INFO]: Preparing spawn area: 0%
[04:21:27] [Server-Worker-1/INFO]: Preparing spawn area: 0%
[04:21:27] [Server-Worker-1/INFO]: Preparing spawn area: 1%
[04:21:27] [Server-Worker-1/INFO]: Preparing spawn area: 1%
[04:21:28] [Server-Worker-1/INFO]: Preparing spawn area: 1%
[04:21:28] [Server-Worker-1/INFO]: Preparing spawn area: 2%
[04:21:29] [Server-Worker-1/INFO]: Preparing spawn area: 2%
[04:21:29] [Server-Worker-1/INFO]: Preparing spawn area: 3%
[04:21:30] [Server-Worker-1/INFO]: Preparing spawn area: 4%
[04:21:30] [Server-Worker-1/INFO]: Preparing spawn area: 4%
[04:21:31] [Server-Worker-1/INFO]: Preparing spawn area: 4%
[04:21:31] [Server-Worker-1/INFO]: Preparing spawn area: 5%
[04:21:32] [Server-Worker-1/INFO]: Preparing spawn area: 5%
[04:21:32] [Server-Worker-1/INFO]: Preparing spawn area: 5%
[04:21:33] [Server-Worker-1/INFO]: Preparing spawn area: 5%
[04:21:33] [Server-Worker-1/INFO]: Preparing spawn area: 6%
[04:21:34] [Server-Worker-1/INFO]: Preparing spawn area: 7%
[04:21:35] [Server-Worker-1/INFO]: Preparing spawn area: 7%
[04:21:35] [Server-Worker-1/INFO]: Preparing spawn area: 8%
[04:21:35] [Server-Worker-1/INFO]: Preparing spawn area: 9%
[04:21:36] [Server-Worker-1/INFO]: Preparing spawn area: 9%
[04:21:36] [Server-Worker-1/INFO]: Preparing spawn area: 9%
[04:21:37] [Server-Worker-1/INFO]: Preparing spawn area: 10%
[04:21:37] [Server-Worker-1/INFO]: Preparing spawn area: 11%
[04:21:38] [Server-Worker-1/INFO]: Preparing spawn area: 11%
[04:21:38] [Server-Worker-1/INFO]: Preparing spawn area: 12%
[04:21:39] [Server-Worker-1/INFO]: Preparing spawn area: 13%
[04:21:39] [Server-Worker-1/INFO]: Preparing spawn area: 15%
[04:21:40] [Server-Worker-1/INFO]: Preparing spawn area: 15%
[04:21:40] [Server-Worker-1/INFO]: Preparing spawn area: 16%
[04:21:41] [Server-Worker-1/INFO]: Preparing spawn area: 17%
[04:21:41] [Server-Worker-1/INFO]: Preparing spawn area: 18%
[04:21:42] [Server-Worker-1/INFO]: Preparing spawn area: 20%
[04:21:42] [Server-Worker-1/INFO]: Preparing spawn area: 21%
[04:21:43] [Server-Worker-1/INFO]: Preparing spawn area: 22%
[04:21:43] [Server-Worker-1/INFO]: Preparing spawn area: 23%
[04:21:44] [Server-Worker-1/INFO]: Preparing spawn area: 24%
[04:21:44] [Server-Worker-1/INFO]: Preparing spawn area: 25%
[04:21:45] [Server-Worker-1/INFO]: Preparing spawn area: 27%
[04:21:45] [Server-Worker-1/INFO]: Preparing spawn area: 30%
[04:21:46] [Server-Worker-1/INFO]: Preparing spawn area: 32%
[04:21:46] [Server-Worker-1/INFO]: Preparing spawn area: 33%
[04:21:47] [Server-Worker-1/INFO]: Preparing spawn area: 35%
[04:21:47] [Server-Worker-1/INFO]: Preparing spawn area: 37%
[04:21:49] [Server-Worker-1/INFO]: Preparing spawn area: 39%
[04:21:49] [Server-Worker-1/INFO]: Preparing spawn area: 39%
[04:21:49] [Server-Worker-1/INFO]: Preparing spawn area: 39%
[04:21:49] [Server-Worker-1/INFO]: Preparing spawn area: 39%
[04:21:50] [Server-Worker-1/INFO]: Preparing spawn area: 39%
[04:21:51] [Server-Worker-1/INFO]: Preparing spawn area: 40%
[04:21:51] [Server-Worker-1/INFO]: Preparing spawn area: 40%
[04:21:52] [Server-Worker-1/INFO]: Preparing spawn area: 41%
[04:21:52] [Server-Worker-1/INFO]: Preparing spawn area: 42%
[04:21:52] [Server-Worker-1/INFO]: Preparing spawn area: 43%
[04:21:53] [Server-Worker-1/INFO]: Preparing spawn area: 44%
[04:21:53] [Server-Worker-1/INFO]: Preparing spawn area: 46%
[04:21:54] [Server-Worker-1/INFO]: Preparing spawn area: 48%
[04:21:54] [Server-Worker-1/INFO]: Preparing spawn area: 50%
[04:21:55] [Server-Worker-1/INFO]: Preparing spawn area: 53%
[04:21:55] [Server-Worker-1/INFO]: Preparing spawn area: 54%
[04:21:56] [Server-Worker-1/INFO]: Preparing spawn area: 56%
[04:21:56] [Server-Worker-1/INFO]: Preparing spawn area: 60%
[04:21:57] [Server-Worker-1/INFO]: Preparing spawn area: 62%
[04:21:57] [Server-Worker-1/INFO]: Preparing spawn area: 63%
[04:21:58] [Server-Worker-1/INFO]: Preparing spawn area: 67%
[04:21:58] [Server-Worker-1/INFO]: Preparing spawn area: 69%
[04:21:59] [Server-Worker-1/INFO]: Preparing spawn area: 72%
[04:21:59] [Server-Worker-1/INFO]: Preparing spawn area: 75%
[04:22:00] [Server-Worker-1/INFO]: Preparing spawn area: 77%
[04:22:00] [Server-Worker-1/INFO]: Preparing spawn area: 78%
[04:22:01] [Server-Worker-1/INFO]: Preparing spawn area: 82%
[04:22:01] [Server-Worker-1/INFO]: Preparing spawn area: 83%
[04:22:02] [Server-Worker-1/INFO]: Preparing spawn area: 86%
[04:22:02] [Server-Worker-1/INFO]: Preparing spawn area: 88%
[04:22:03] [Server-Worker-1/INFO]: Preparing spawn area: 90%
[04:22:04] [Server-Worker-1/INFO]: Preparing spawn area: 92%
[04:22:04] [Server-Worker-1/INFO]: Preparing spawn area: 93%
[04:22:04] [Server-Worker-1/INFO]: Preparing spawn area: 96%
[04:22:05] [Server-Worker-1/INFO]: Preparing spawn area: 99%
[04:22:05] [Server thread/INFO]: Time elapsed: 48635 ms
[04:22:05] [Server thread/INFO]: Done (165.069s)! For help, type "help"
[04:22:05] [Server thread/INFO]: Starting remote control listener
[04:22:05] [RCON Listener #1/INFO]: RCON running on 0.0.0.0:25575
